<?xml version="1.0" encoding="UTF-8"?>
<!-- Generated by org.testng.reporters.JUnitReportReporter -->
<testsuite skipped="0" hostname="rahul-PC" name="com.rahul.LocatorsandSikuli" tests="2" failures="0" timestamp="30 Sep 2019 08:37:50 GMT" time="31.683" errors="0">
  <testcase name="browser" time="4.477" classname="com.rahul.LocatorsandSikuli"/>
  <testcase name="useLocators" time="27.206" classname="com.rahul.LocatorsandSikuli"/>
</testsuite> <!-- com.rahul.LocatorsandSikuli -->
