<?xml version="1.0" encoding="UTF-8"?>
<!-- Generated by org.testng.reporters.JUnitReportReporter -->
<testsuite skipped="0" hostname="rahul-PC" name="com.rahul.OrderCreation" tests="4" failures="0" timestamp="30 Sep 2019 06:45:33 GMT" time="17.893" errors="0">
  <testcase name="login" time="11.574" classname="com.rahul.OrderCreation"/>
  <testcase name="search" time="0.002" classname="com.rahul.OrderCreation"/>
  <testcase name="takeScreenShot" time="1.795" classname="com.rahul.OrderCreation"/>
  <testcase name="browser" time="4.522" classname="com.rahul.OrderCreation"/>
</testsuite> <!-- com.rahul.OrderCreation -->
